<?xml version="1.0" encoding="UTF-8"?>
<robot generator="Robot 6.0 (Python 3.10.8 on win32)" generated="20221026 10:36:46.257" rpa="false" schemaversion="3">
<suite id="s1" name="Teste" source="C:\Users\André Farias\Desktop\Teste">
<suite id="s1-s1" name="Modelo" source="C:\Users\André Farias\Desktop\Teste\modelo.robot">
<test id="s1-s1-t1" name="Cenário 1: Acessando o site do TesteLink" line="9">
<kw name="Abrir Site">
<kw name="Open Browser" library="SeleniumLibrary">
<arg>https://testlink.org/</arg>
<arg>chrome</arg>
<doc>Opens a new browser instance to the optional ``url``.</doc>
<msg timestamp="20221026 10:36:46.428" level="INFO">Opening browser 'chrome' to base url 'https://testlink.org/'.</msg>
<status status="PASS" starttime="20221026 10:36:46.427" endtime="20221026 10:36:51.086"/>
</kw>
<status status="PASS" starttime="20221026 10:36:46.426" endtime="20221026 10:36:51.086"/>
</kw>
<kw name="Title Should Be" library="SeleniumLibrary">
<arg>TestLink</arg>
<doc>Verifies that the current page title equals ``title``.</doc>
<msg timestamp="20221026 10:36:51.090" level="INFO">Page title is 'TestLink'.</msg>
<status status="PASS" starttime="20221026 10:36:51.086" endtime="20221026 10:36:51.091"/>
</kw>
<kw name="Page Should Contain" library="SeleniumLibrary">
<arg>TestLink Development Team 2013/2018</arg>
<doc>Verifies that current page contains ``text``.</doc>
<msg timestamp="20221026 10:36:51.101" level="INFO">Current page contains text 'TestLink Development Team 2013/2018'.</msg>
<status status="PASS" starttime="20221026 10:36:51.091" endtime="20221026 10:36:51.102"/>
</kw>
<kw name="Click Link" library="SeleniumLibrary">
<arg>https://github.com/TestLinkOpenSourceTRMS/testlink-code/tree/testlink_1_9_20_fixed/</arg>
<doc>Clicks a link identified by ``locator``.</doc>
<msg timestamp="20221026 10:36:51.103" level="INFO">Clicking link 'https://github.com/TestLinkOpenSourceTRMS/testlink-code/tree/testlink_1_9_20_fixed/'.</msg>
<status status="PASS" starttime="20221026 10:36:51.102" endtime="20221026 10:36:52.345"/>
</kw>
<kw name="Title Should Be" library="SeleniumLibrary">
<arg>GitHub - TestLinkOpenSourceTRMS/testlink-code at testlink_1_9_20_fixed</arg>
<doc>Verifies that the current page title equals ``title``.</doc>
<msg timestamp="20221026 10:36:52.349" level="INFO">Page title is 'GitHub - TestLinkOpenSourceTRMS/testlink-code at testlink_1_9_20_fixed'.</msg>
<status status="PASS" starttime="20221026 10:36:52.345" endtime="20221026 10:36:52.350"/>
</kw>
<kw name="Page Should Contain" library="SeleniumLibrary">
<arg>Next TestLink version will 2.x with a new UX based on the Dashio - Bootstrap Admin Template</arg>
<doc>Verifies that current page contains ``text``.</doc>
<msg timestamp="20221026 10:36:52.364" level="INFO">Current page contains text 'Next TestLink version will 2.x with a new UX based on the Dashio - Bootstrap Admin Template'.</msg>
<status status="PASS" starttime="20221026 10:36:52.350" endtime="20221026 10:36:52.376"/>
</kw>
<kw name="Close Browser" library="SeleniumLibrary">
<doc>Closes the current browser.</doc>
<status status="PASS" starttime="20221026 10:36:52.377" endtime="20221026 10:36:54.468"/>
</kw>
<status status="PASS" starttime="20221026 10:36:46.425" endtime="20221026 10:36:54.469"/>
</test>
<status status="PASS" starttime="20221026 10:36:46.283" endtime="20221026 10:36:54.472"/>
</suite>
<status status="PASS" starttime="20221026 10:36:46.260" endtime="20221026 10:36:54.473"/>
</suite>
<statistics>
<total>
<stat pass="1" fail="0" skip="0">All Tests</stat>
</total>
<tag>
</tag>
<suite>
<stat pass="1" fail="0" skip="0" id="s1" name="Teste">Teste</stat>
<stat pass="1" fail="0" skip="0" id="s1-s1" name="Modelo">Teste.Modelo</stat>
</suite>
</statistics>
<errors>
</errors>
</robot>
